-Xajruntimetarget:1.5
-1.8
-encoding
UTF-8
-source
1.8
-target
1.8
-classpath
C:\Users\ilyay\.m2\repository\org\slf4j\slf4j-api\1.7.21\slf4j-api-1.7.21.jar;C:\Users\ilyay\.m2\repository\ch\qos\logback\logback-classic\1.1.7\logback-classic-1.1.7.jar;C:\Users\ilyay\.m2\repository\org\slf4j\jcl-over-slf4j\1.7.12\jcl-over-slf4j-1.7.12.jar;C:\Users\ilyay\.m2\repository\org\springframework\spring-context\4.3.3.RELEASE\spring-context-4.3.3.RELEASE.jar;C:\Users\ilyay\.m2\repository\org\springframework\spring-tx\4.3.3.RELEASE\spring-tx-4.3.3.RELEASE.jar;C:\Users\ilyay\.m2\repository\org\springframework\spring-aspects\4.3.3.RELEASE\spring-aspects-4.3.3.RELEASE.jar;C:\Users\ilyay\.m2\repository\org\aspectj\aspectjrt\1.8.7\aspectjrt-1.8.7.jar;C:\Users\ilyay\.m2\repository\com\badlogicgames\gdx\gdx\1.9.4\gdx-1.9.4.jar;C:\Users\ilyay\.m2\repository\com\badlogicgames\gdx\gdx-box2d\1.9.4\gdx-box2d-1.9.4.jar;C:\Users\ilyay\.m2\repository\com\badlogicgames\gdx\gdx-controllers\1.9.4\gdx-controllers-1.9.4.jar;C:\Users\ilyay\.m2\repository\com\badlogicgames\gdx\gdx-ai\1.8.0\gdx-ai-1.8.0.jar;C:\Users\ilyay\.m2\repository\com\badlogicgames\ashley\ashley\1.7.0\ashley-1.7.0.jar;C:\Users\ilyay\.m2\repository\com\badlogicgames\gdx\gdx-freetype\1.9.4\gdx-freetype-1.9.4.jar;C:\Users\ilyay\.m2\repository\com\badlogicgames\gdx\gdx-bullet\1.9.4\gdx-bullet-1.9.4.jar;C:\Users\ilyay\.m2\repository\com\badlogicgames\box2dlights\box2dlights\1.4\box2dlights-1.4.jar;C:\Users\ilyay\.m2\repository\org\apache\commons\commons-lang3\3.4\commons-lang3-3.4.jar;C:\Users\ilyay\.m2\repository\commons-io\commons-io\2.5\commons-io-2.5.jar;C:\Users\ilyay\.m2\repository\com\google\guava\guava\19.0\guava-19.0.jar;C:\Users\ilyay\.m2\repository\junit\junit\4.12\junit-4.12.jar;C:\Users\ilyay\.m2\repository\org\mockito\mockito-all\1.10.19\mockito-all-1.10.19.jar;C:\Users\ilyay\.m2\repository\org\springframework\spring-aop\4.3.3.RELEASE\spring-aop-4.3.3.RELEASE.jar;C:\Users\ilyay\.m2\repository\org\springframework\spring-beans\4.3.3.RELEASE\spring-beans-4.3.3.RELEASE.jar;C:\Users\ilyay\.m2\repository\org\springframework\spring-core\4.3.3.RELEASE\spring-core-4.3.3.RELEASE.jar;C:\Users\ilyay\.m2\repository\commons-logging\commons-logging\1.2\commons-logging-1.2.jar;C:\Users\ilyay\.m2\repository\org\springframework\spring-expression\4.3.3.RELEASE\spring-expression-4.3.3.RELEASE.jar;C:\Users\ilyay\.m2\repository\org\aspectj\aspectjweaver\1.8.9\aspectjweaver-1.8.9.jar;D:\projects\libgdx-plane\libgdx-plane-core\target\classes
-aspectpath
C:\Users\ilyay\.m2\repository\org\springframework\spring-aspects\4.3.3.RELEASE\spring-aspects-4.3.3.RELEASE.jar
-d
D:\projects\libgdx-plane\libgdx-plane-core\target\classes
D:\projects\libgdx-plane\libgdx-plane-core\src\main\java\com\ilyamur\libgdx\AppInputProcessor.java
D:\projects\libgdx-plane\libgdx-plane-core\src\main\java\com\ilyamur\libgdx\ApplicationConfiguration.java
D:\projects\libgdx-plane\libgdx-plane-core\src\main\java\com\ilyamur\libgdx\ApplicationGame.java
D:\projects\libgdx-plane\libgdx-plane-core\src\main\java\com\ilyamur\libgdx\Constants.java
D:\projects\libgdx-plane\libgdx-plane-core\src\main\java\com\ilyamur\libgdx\entity\ContactArea.java
D:\projects\libgdx-plane\libgdx-plane-core\src\main\java\com\ilyamur\libgdx\entity\Dot.java
D:\projects\libgdx-plane\libgdx-plane-core\src\main\java\com\ilyamur\libgdx\entity\Entity.java
D:\projects\libgdx-plane\libgdx-plane-core\src\main\java\com\ilyamur\libgdx\entity\RedDot.java
D:\projects\libgdx-plane\libgdx-plane-core\src\main\java\com\ilyamur\libgdx\event\AppEvent.java
D:\projects\libgdx-plane\libgdx-plane-core\src\main\java\com\ilyamur\libgdx\event\TouchDown.java
D:\projects\libgdx-plane\libgdx-plane-core\src\main\java\com\ilyamur\libgdx\InputEventBus.java
D:\projects\libgdx-plane\libgdx-plane-core\src\main\java\com\ilyamur\libgdx\InputProcessorAdapter.java
D:\projects\libgdx-plane\libgdx-plane-core\src\main\java\com\ilyamur\libgdx\screens\ApplicationScreen.java
D:\projects\libgdx-plane\libgdx-plane-core\src\main\java\com\ilyamur\libgdx\screens\ApplicationSpriteBatch.java
